2025-04-04 12:48:26.521884 - Received CBT.V508.FILE619.PDS from FILE619.XMI 
2025-04-04 12:48:26.523361 - Found $$$#DATE.txt (text/plain) in CBT.V508.FILE619.PDS, moved to PDS/$$$#DATE
2025-04-04 12:48:26.523546 - Found $$$DOC.txt (text/plain) in CBT.V508.FILE619.PDS, moved to PDS/$$$DOC
2025-04-04 12:48:26.523727 - Found $DYNLPA.xmi (application/xmit) in CBT.V508.FILE619.PDS, moved to PDS/$DYNLPA.xmi
2025-04-04 12:48:26.534352 - Received SBGOLOB.DYNPROC.LPALIB from $DYNLPA.xmi 
2025-04-04 12:48:26.534714 - Found IEFNB903.bin (application/octet-stream) in SBGOLOB.DYNPROC.LPALIB, moved to $DYNLPA/IEFNB903
2025-04-04 12:48:26.534854 - Found IEFVH1.bin (application/octet-stream) in SBGOLOB.DYNPROC.LPALIB, moved to $DYNLPA/IEFVH1
2025-04-04 12:48:26.535333 - Found $DYNLPAO.xmi (application/xmit) in CBT.V508.FILE619.PDS, moved to PDS/$DYNLPAO.xmi
2025-04-04 12:48:26.544958 - Received SBGOLOB.DYNPROC.OLDLPA from $DYNLPAO.xmi 
2025-04-04 12:48:26.545310 - Found IEFNB903.bin (application/octet-stream) in SBGOLOB.DYNPROC.OLDLPA, moved to $DYNLPAO/IEFNB903
2025-04-04 12:48:26.545437 - Found IEFVH1.bin (application/octet-stream) in SBGOLOB.DYNPROC.OLDLPA, moved to $DYNLPAO/IEFVH1
2025-04-04 12:48:26.545856 - Found $SMPLIST.xmi (application/xmit) in CBT.V508.FILE619.PDS, moved to PDS/$SMPLIST.xmi
2025-04-04 12:48:26.605207 - Received SBGOLOB.DYNPROC.SMP.OUTPUT from $SMPLIST.xmi 
2025-04-04 12:48:26.605520 - Found SBGOLOB.DYNPROC.SMP.OUTPUT.txt (text/plain), moved to $SMPLIST/SBGOLOB.DYNPROC.SMP.OUTPUT
2025-04-04 12:48:26.605843 - Found #DYPDMY.txt (text/plain) in CBT.V508.FILE619.PDS, moved to PDS/#DYPDMY
2025-04-04 12:48:26.605995 - Found #DYP001.txt (text/plain) in CBT.V508.FILE619.PDS, moved to PDS/#DYP001
2025-04-04 12:48:26.606175 - Found #DYP002.bin (application/octet-stream) in CBT.V508.FILE619.PDS, moved to PDS/#DYP002
2025-04-04 12:48:26.606402 - Found #DYP003.txt (text/plain) in CBT.V508.FILE619.PDS, moved to PDS/#DYP003
2025-04-04 12:48:26.606580 - Found #DYP004.txt (text/plain) in CBT.V508.FILE619.PDS, moved to PDS/#DYP004
2025-04-04 12:48:26.606789 - Found #DYP005.txt (text/plain) in CBT.V508.FILE619.PDS, moved to PDS/#DYP005
2025-04-04 12:48:26.606960 - Found @FILE619.txt (text/plain) in CBT.V508.FILE619.PDS, moved to PDS/@FILE619
2025-04-04 12:48:26.607106 - Found ACCEPT.jcl (text/plain) in CBT.V508.FILE619.PDS, moved to PDS/ACCEPT
2025-04-04 12:48:26.607231 - Found DYNPROC.jcl (text/plain) in CBT.V508.FILE619.PDS, moved to PDS/DYNPROC
2025-04-04 12:48:26.607354 - Found IEBCOPYT.jcl (text/plain) in CBT.V508.FILE619.PDS, moved to PDS/IEBCOPYT
2025-04-04 12:48:26.607481 - Found IEFCVRWA.txt (text/plain) in CBT.V508.FILE619.PDS, moved to PDS/IEFCVRWA
2025-04-04 12:48:26.607659 - Found IEFVPP.txt (text/plain) in CBT.V508.FILE619.PDS, moved to PDS/IEFVPP
2025-04-04 12:48:26.607806 - Found IEFVPP$.jcl (text/plain) in CBT.V508.FILE619.PDS, moved to PDS/IEFVPP$
2025-04-04 12:48:26.607926 - Found JES2.txt (text/plain) in CBT.V508.FILE619.PDS, moved to PDS/JES2
2025-04-04 12:48:26.608056 - Found SGIEF441.txt (text/plain) in CBT.V508.FILE619.PDS, moved to PDS/SGIEF441
2025-04-04 12:48:26.608172 - Found STEP1.jcl (text/plain) in CBT.V508.FILE619.PDS, moved to PDS/STEP1
2025-04-04 12:48:26.608300 - Found STEP1A.txt (text/plain) in CBT.V508.FILE619.PDS, moved to PDS/STEP1A
2025-04-04 12:48:26.608455 - Found STEP2.bin (application/octet-stream) in CBT.V508.FILE619.PDS, moved to PDS/STEP2
2025-04-04 12:48:26.608585 - Found STEP3.txt (text/plain) in CBT.V508.FILE619.PDS, moved to PDS/STEP3
2025-04-04 12:48:26.608720 - Found STEP3A.jcl (text/plain) in CBT.V508.FILE619.PDS, moved to PDS/STEP3A
2025-04-04 12:48:26.608840 - Found STEP4.txt (text/plain) in CBT.V508.FILE619.PDS, moved to PDS/STEP4
2025-04-04 12:48:26.608961 - Found STEP4A.jcl (text/plain) in CBT.V508.FILE619.PDS, moved to PDS/STEP4A
2025-04-04 12:48:26.609069 - Found STEP5.txt (text/plain) in CBT.V508.FILE619.PDS, moved to PDS/STEP5
2025-04-04 12:48:26.609188 - Found STEP5A.jcl (text/plain) in CBT.V508.FILE619.PDS, moved to PDS/STEP5A
